[00:02:44] [Server thread/INFO]: Kirnoy[/181.44.118.72:50177] logged in with entity id 1220215 at (160.59426719164645, 70.0, -52.65420879517349)
[00:02:44] [Server thread/INFO]: Kirnoy joined the game
[00:11:15] [Server thread/INFO]: <NaimSama> nacho
[00:11:16] [Server thread/INFO]: <NaimSama> tenes tierra?
[00:11:27] [Server thread/INFO]: <Kirnoy> estoy en el nether
[00:11:31] [Server thread/INFO]: <NaimSama> a
[00:11:34] [Server thread/INFO]: <Kirnoy> y no tengo idea de donde esta mi portal lol
[00:11:42] [Server thread/INFO]: <NaimSama> JKSAJSAKJSAK
[00:11:44] [Server thread/INFO]: <Kirnoy> un ghast me tiro a la lava y me perdi
[00:11:45] [Server thread/INFO]: <NaimSama> queres que vaya?
[00:11:54] [Server thread/INFO]: <Kirnoy> nah, ya me las arreglo xD
[00:12:00] [Server thread/INFO]: <NaimSama> xd ok
[00:13:17] [Server thread/INFO]: [NaimSama: Changing to clear weather]
[00:13:21] [Server thread/INFO]: [NaimSama: Set the time to 1000]
[00:16:01] [Server thread/INFO]: [Kirnoy: Given [Sponge Pickaxe] * 1 to Kirnoy]
[00:16:06] [Server thread/INFO]: <NaimSama> ???
[00:16:13] [Server thread/INFO]: <Kirnoy> voy a minar arriba del infra
[00:16:18] [Server thread/INFO]: <Kirnoy> viste que es todo plano?
[00:16:31] [Server thread/INFO]: <Kirnoy> ah espera
[00:16:41] [Server thread/INFO]: <Kirnoy> pense que se podia con el de esponja
[00:16:44] [Server thread/INFO]: <NaimSama> no
[00:16:45] [Server thread/INFO]: <NaimSama> xd
[00:16:51] [Server thread/INFO]: <Kirnoy> entonces que hizo marcos?
[00:17:01] [Server thread/INFO]: <NaimSama> creo que hizo crecer un arbol
[00:17:02] [Server thread/INFO]: <Kirnoy> mmh, lo tiro en la lava
[00:17:08] [Server thread/INFO]: <NaimSama> si, tiralo.
[00:19:28] [Server thread/INFO]: <Kirnoy> elegi el peor momento para ponerme unos shaders, casi no veo nada si no pongo antorchas xD
[00:20:05] [Server thread/INFO]: <NaimSama> los shaders en el nether son una verga
[00:20:05] [Server thread/INFO]: <NaimSama> xd
[00:20:18] [Server thread/INFO]: [NaimSama: Teleported NaimSama to 1716.5,105.5,31.5]
[00:22:02] [Server thread/INFO]: NaimSama lost connection: TextComponent{text='Disconnected', siblings=[], style=Style{hasParent=false, color=null, bold=null, italic=null, underlined=null, obfuscated=null, clickEvent=null, hoverEvent=null}}
[00:22:02] [Server thread/INFO]: NaimSama left the game
[00:22:06] [Server thread/INFO]: NaimSama[/186.22.38.121:59652] logged in with entity id 1265596 at (1709.3783119752136, 72.0, 17.17113789515114)
[00:22:06] [Server thread/INFO]: NaimSama joined the game
[00:22:36] [Server thread/INFO]: <Kirnoy> bueno me quede sin pico xD
[00:22:43] [Server thread/INFO]: <NaimSama> xd
[00:22:44] [Server thread/INFO]: <Kirnoy> I need help :c
[00:22:45] [Server thread/INFO]: <NaimSama> queres que vaya?
[00:22:51] [Server thread/INFO]: <Kirnoy> Seh xD
[00:23:06] [Server thread/INFO]: <NaimSama> toy
[00:23:11] [Server thread/INFO]: [Kirnoy: Teleported Kirnoy to NaimSama]
[00:23:34] [Server thread/INFO]: <Kirnoy> voy a marcar el portal esta vez xD
[00:23:41] [Server thread/INFO]: [Kirnoy: Teleported Kirnoy to 1780.5,166.5,78.5]
[00:25:20] [Server thread/INFO]: NaimSama lost connection: TextComponent{text='Disconnected', siblings=[], style=Style{hasParent=false, color=null, bold=null, italic=null, underlined=null, obfuscated=null, clickEvent=null, hoverEvent=null}}
[00:25:20] [Server thread/INFO]: NaimSama left the game
[00:26:53] [Server thread/INFO]: ElPantera21[/167.58.48.188:50761] logged in with entity id 1277327 at (12.761473009297966, 119.0, -364.867023898297)
[00:26:53] [Server thread/INFO]: ElPantera21 joined the game
[00:29:43] [Server thread/INFO]: NaimSama[/186.22.38.121:59673] logged in with entity id 1284320 at (1710.6617346524645, 63.0, 34.84648378994257)
[00:29:43] [Server thread/INFO]: NaimSama joined the game
[00:31:31] [Server thread/INFO]: <Kirnoy> consegui otra replica de la arma de 500 de daño
[00:31:41] [Server thread/INFO]: <ElPantera21> como?
[00:31:42] [Server thread/INFO]: <NaimSama> piola
[00:31:51] [Server thread/INFO]: <Kirnoy> Hay un bug con el looter
[00:31:54] [Server thread/INFO]: [NaimSama: Set the time to 1000]
[00:31:54] [Server thread/INFO]: <ElPantera21> vos tambien la sacaste del creativo?
[00:31:54] [Server thread/INFO]: <Kirnoy> Te roba el arma
[00:32:00] [Server thread/INFO]: <Kirnoy> No
[00:32:04] [Server thread/INFO]: <Kirnoy> La replicamos con mati
[00:32:11] [Server thread/INFO]: <Kirnoy> adrian tambien tiene una y naim tambien
[00:32:17] [Server thread/INFO]: <ElPantera21> a tnce si
[00:32:19] [Server thread/INFO]: <ElPantera21> altas ratas
[00:32:22] [Server thread/INFO]: <NaimSama> ?
[00:32:24] [Server thread/INFO]: <ElPantera21> la sacaron del creativo
[00:32:27] [Server thread/INFO]: <Kirnoy> No
[00:32:29] [Server thread/INFO]: <NaimSama> yo no la saque del creativo
[00:32:33] [Server thread/INFO]: <ElPantera21> mati si
[00:32:33] [Server thread/INFO]: <Kirnoy> No la sacamos
[00:32:34] [Server thread/INFO]: <NaimSama> la dupeamos xd
[00:32:35] [Server thread/INFO]: <ElPantera21> es lo mismo
[00:32:42] [Server thread/INFO]: <Kirnoy> Mati supuestamente mato a todos los bosses
[00:32:44] [Server thread/INFO]: <NaimSama> no es lo mismo
[00:32:45] [Server thread/INFO]: <ElPantera21> si
[00:32:49] [Server thread/INFO]: <ElPantera21> pero los saco del creativo
[00:32:49] [Server thread/INFO]: <Kirnoy> Estaba por ahi yo cuando los estaba matando
[00:32:50] [Server thread/INFO]: <ElPantera21> xd
[00:32:53] [Server thread/INFO]: <ElPantera21> es lo mismo
[00:33:10] [Server thread/INFO]: <ElPantera21> no tiene gracia
[00:33:25] [Server thread/INFO]: <Kirnoy> No es como si la sacasemos a proposito
[00:33:31] [Server thread/INFO]: <Kirnoy> Los looters aparecen de la nada
[00:33:36] [Server thread/INFO]: <ElPantera21> amigo
[00:33:39] [Server thread/INFO]: <Kirnoy> Y no podemos dejarlos sueltos con una espada de 500 de daño
[00:33:47] [Server thread/INFO]: <ElPantera21> entendes que la saco del creativo?
[00:34:00] [Server thread/INFO]: <ElPantera21> mati si la hizo del creativo
[00:34:10] [Server thread/INFO]: <Kirnoy> Eso ya no importa a estas alturas
[00:34:41] [Server thread/INFO]: <ElPantera21> 0 gracia
[00:34:55] [Server thread/INFO]: <NaimSama> en realidad tiene gracia
[00:34:59] [Server thread/INFO]: <ElPantera21> no
[00:34:59] [Server thread/INFO]: <Kirnoy> No se ni me importa, yo no te hablaba de eso
[00:35:04] [Server thread/INFO]: <Kirnoy> Yo hablaba sobre el bug
[00:35:08] [Server thread/INFO]: <Kirnoy> Ya presente
[00:35:09] [Server thread/INFO]: <ElPantera21> si
[00:35:10] [Server thread/INFO]: <NaimSama> lo saco del creativo porque no se encontraban los spawners
[00:35:12] [Server thread/INFO]: <ElPantera21> eso lo se
[00:35:17] [Server thread/INFO]: <ElPantera21> amigo
[00:35:25] [Server thread/INFO]: <Kirnoy> Entonces no me hables
[00:35:26] [Server thread/INFO]: <ElPantera21> yo tengo todos los spawners
[00:35:28] [Server thread/INFO]: <Kirnoy> nadie tte dijo nada
[00:35:31] [Server thread/INFO]: <ElPantera21> no los busco
[00:35:32] [Server thread/INFO]: <Kirnoy> yo hablaba con naim
[00:35:38] [Server thread/INFO]: <NaimSama> y si queres, yo encontre los spawners ahora los tiro al creativo si queres
[00:35:44] [Server thread/INFO]: <NaimSama> y lo tomas como si la hubiese armado mati
[00:35:48] [Server thread/INFO]: [Kirnoy: Teleported Kirnoy to 1780.5,166.5,78.5]
[00:35:48] [Server thread/INFO]: <NaimSama> y listo, asi te parece
[00:35:51] [Server thread/INFO]: <NaimSama> asi dejar de llorar?
[00:35:55] [Server thread/INFO]: <ElPantera21> tranquilo
[00:36:00] [Server thread/INFO]: <ElPantera21> yo dije que no tiene gracia
[00:36:04] [Server thread/INFO]: [Kirnoy: Teleported Kirnoy to 1780.5,166.5,78.5]
[00:36:04] [Server thread/INFO]: <ElPantera21> ahi ustedes
[00:36:11] [Server thread/INFO]: <NaimSama> bueno
[00:36:15] [Server thread/INFO]: <NaimSama> simplemente se adelanto
[00:36:19] [Server thread/INFO]: <NaimSama> pero yo tengo los spawners
[00:36:28] [Server thread/INFO]: <NaimSama> si quiero los tiro y es como si se los hubiese dado a mati
[00:36:32] [Server thread/INFO]: <NaimSama> y ahi problema resuelto
[00:36:39] [Server thread/INFO]: <ElPantera21> yo dije que no tiene gracia que los saque del creativo
[00:36:41] [Server thread/INFO]: <ElPantera21> no te ofendas
[00:36:44] [Server thread/INFO]: <Kirnoy> Ya fuiste al cielo naim? Es usando piedra luminosa no?
[00:36:49] [Server thread/INFO]: <NaimSama> si Nachow
[00:36:58] [Server thread/INFO]: <Kirnoy> Dale dale, ahi veo si lo termino el portal
[00:37:29] [Server thread/INFO]: <NaimSama> marcos
[00:37:31] [Server thread/INFO]: <NaimSama> si tenes quejas
[00:37:32] [Server thread/INFO]: <NaimSama> quejate con amti
[00:37:36] [Server thread/INFO]: <ElPantera21> ya le dije
[00:37:38] [Server thread/INFO]: <ElPantera21> xd
[00:37:40] [Server thread/INFO]: <NaimSama> y?
[00:37:40] [Server thread/INFO]: <ElPantera21> pero bueno
[00:37:46] [Server thread/INFO]: <ElPantera21> siemmpre usa el creativo
[00:38:07] [Server thread/INFO]: <ElPantera21> por eso duran 3 dias los sv
[00:38:27] [Server thread/INFO]: <NaimSama> le dijimos lo mismo con adro
[00:38:27] [Server thread/INFO]: <NaimSama> xd
[00:38:37] [Server thread/INFO]: <ElPantera21> xd
[00:38:51] [Server thread/INFO]: <ElPantera21> lit matas al rey la reina
[00:38:54] [Server thread/INFO]: <ElPantera21> y no queda nada
[00:39:02] [Server thread/INFO]: <ElPantera21> pq esos son como los bosses maximo
[00:39:07] [Server thread/INFO]: <ElPantera21> s
[00:44:11] [Server thread/INFO]: ElPantera21 lost connection: TextComponent{text='Disconnected', siblings=[], style=Style{hasParent=false, color=null, bold=null, italic=null, underlined=null, obfuscated=null, clickEvent=null, hoverEvent=null}}
[00:44:11] [Server thread/INFO]: ElPantera21 left the game
[00:44:29] [Server thread/INFO]: [NaimSama: Set the time to 1000]
[00:44:45] [Server thread/INFO]: <Kirnoy> Eso de estar modificando el tiempo xD
[00:44:55] [Server thread/INFO]: <NaimSama> ?
[00:45:28] [Server thread/INFO]: <Kirnoy> De que pusiste como hizo mati el otro dia de ponerl tiempo en 1+ tantos ceros
[00:46:05] [Server thread/INFO]: <NaimSama> solo puse /time set day
[00:46:05] [Server thread/INFO]: <NaimSama> xd
[00:46:18] [Server thread/INFO]: <Kirnoy> sep
[00:46:26] [Server thread/INFO]: <NaimSama> y?
[00:46:33] [Server thread/INFO]: <Kirnoy> Nada me parecia curioso
[00:46:37] [Server thread/INFO]: <NaimSama> a
[00:46:46] [Server thread/INFO]: <Kirnoy> A mi me gusta más la noche por las luces
[00:47:04] [Server thread/INFO]: <NaimSama> ah
[00:47:06] [Server thread/INFO]: <NaimSama> jodido
[00:47:12] [Server thread/INFO]: <Kirnoy> Jasjajs
[00:47:24] [Server thread/INFO]: <NaimSama> yo solo hago de dia para que no me molesten en la construccion los bichos xd
[00:47:37] [Server thread/INFO]: <Kirnoy> Yo estoy tan alto que no me llega nada lol
[00:47:47] [Server thread/INFO]: <Kirnoy> Salvo una vez
[00:47:55] [Server thread/INFO]: <Kirnoy> que me llego una mantiz volando
[00:48:02] [Server thread/INFO]: <NaimSama> JJAJJA
[01:12:29] [Server thread/INFO]: [Kirnoy: Teleported Kirnoy to 1780.5,166.5,78.5]
[01:12:33] [Server thread/INFO]: <NaimSama> NO
[01:12:34] [Server thread/INFO]: <NaimSama> QUE HACES
[01:12:35] [Server thread/INFO]: <NaimSama> ATREVIDO
[01:14:38] [Server thread/INFO]: <NaimSama> me voy a comer
[01:14:38] [Server thread/INFO]: <NaimSama> nv
[01:14:39] [Server thread/INFO]: <NaimSama> uwu
[01:14:40] [Server thread/INFO]: NaimSama lost connection: TextComponent{text='Disconnected', siblings=[], style=Style{hasParent=false, color=null, bold=null, italic=null, underlined=null, obfuscated=null, clickEvent=null, hoverEvent=null}}
[01:14:40] [Server thread/INFO]: NaimSama left the game
[01:16:46] [Server thread/INFO]: Kirnoy lost connection: TextComponent{text='Disconnected', siblings=[], style=Style{hasParent=false, color=null, bold=null, italic=null, underlined=null, obfuscated=null, clickEvent=null, hoverEvent=null}}
[01:16:46] [Server thread/INFO]: Kirnoy left the game
[01:35:33] [Server thread/INFO]: NaimSama[/186.22.38.121:59846] logged in with entity id 1418365 at (1744.0372712519368, 74.0, 14.459086391012384)
[01:35:33] [Server thread/INFO]: NaimSama joined the game
[01:35:54] [Server thread/INFO]: [NaimSama: Set own game mode to Creative Mode]
[01:36:03] [Server thread/INFO]: [NaimSama: Set own game mode to Survival Mode]
[01:36:11] [Server thread/INFO]: [NaimSama: Set the time to 1000]
[01:36:58] [Server thread/INFO]: ElPantera21[/167.58.48.188:51010] logged in with entity id 1421884 at (8.947885949511232, 119.0, -361.6267653450161)
[01:36:58] [Server thread/INFO]: ElPantera21 joined the game
[01:38:04] [Server thread/INFO]: ElPantera21 lost connection: TextComponent{text='Disconnected', siblings=[], style=Style{hasParent=false, color=null, bold=null, italic=null, underlined=null, obfuscated=null, clickEvent=null, hoverEvent=null}}
[01:38:04] [Server thread/INFO]: ElPantera21 left the game
[01:38:10] [Server thread/WARN]: Fetching addPacket for removed entity
[01:38:10] [Server thread/INFO]: NaimSama was slain by Looter
[01:38:15] [Server thread/INFO]: [NaimSama: Teleported NaimSama to 1706.5,72.5,15.5]
[01:38:15] [Server thread/WARN]: Fetching addPacket for removed entity
[01:38:15] [Server thread/WARN]: Fetching addPacket for removed entity
[01:38:15] [Server thread/WARN]: Fetching addPacket for removed entity
[02:04:13] [Server thread/INFO]: [NaimSama: Teleported NaimSama to 1716.5,105.5,31.5]
[02:14:34] [Server thread/INFO]: NaimSama lost connection: TextComponent{text='Disconnected', siblings=[], style=Style{hasParent=false, color=null, bold=null, italic=null, underlined=null, obfuscated=null, clickEvent=null, hoverEvent=null}}
[02:14:34] [Server thread/INFO]: NaimSama left the game
[02:29:56] [Server thread/INFO]: NaimSama[/186.22.38.121:60543] logged in with entity id 1505314 at (1723.4586621123058, 72.0, 18.59937532432754)
[02:29:56] [Server thread/INFO]: NaimSama joined the game
[02:30:12] [Server thread/INFO]: [NaimSama: Changing to clear weather]
[02:40:30] [Server thread/INFO]: NaimSama lost connection: TextComponent{text='Disconnected', siblings=[], style=Style{hasParent=false, color=null, bold=null, italic=null, underlined=null, obfuscated=null, clickEvent=null, hoverEvent=null}}
[02:40:30] [Server thread/INFO]: NaimSama left the game
[02:40:33] [Server thread/INFO]: NaimSama[/186.22.38.121:60587] logged in with entity id 1561452 at (2423.9939709774903, 67.0, -102.25651265069638)
[02:40:33] [Server thread/INFO]: NaimSama joined the game
[02:52:30] [Server thread/INFO]: [NaimSama: Teleported NaimSama to 1716.5,105.5,31.5]
[03:00:22] [Server thread/INFO]: [NaimSama: Teleported NaimSama to 1716.5,105.5,31.5]
[03:00:37] [Server thread/INFO]: [NaimSama: Teleported NaimSama to 1716.5,105.5,31.5]
[03:00:55] [Server thread/INFO]: [NaimSama: Teleported NaimSama to 1716.5,105.5,31.5]
[03:01:48] [Server thread/INFO]: [NaimSama: Teleported NaimSama to 1716.5,105.5,31.5]
[03:01:55] [Server thread/WARN]: Fetching addPacket for removed entity
[03:01:55] [Server thread/INFO]: NaimSama fell from a high place
[03:01:59] [Server thread/INFO]: [NaimSama: Teleported NaimSama to 1719.5,72.5,12.5]
[03:02:00] [Server thread/WARN]: Fetching addPacket for removed entity
[03:02:00] [Server thread/WARN]: Fetching addPacket for removed entity
[03:05:57] [Server thread/INFO]: [NaimSama: Teleported NaimSama to 1716.5,105.5,31.5]
[03:12:58] [Server thread/INFO]: [NaimSama: Teleported NaimSama to 1716.5,105.5,31.5]
[03:15:50] [Server thread/INFO]: NaimSama lost connection: TextComponent{text='Disconnected', siblings=[], style=Style{hasParent=false, color=null, bold=null, italic=null, underlined=null, obfuscated=null, clickEvent=null, hoverEvent=null}}
[03:15:50] [Server thread/INFO]: NaimSama left the game
[06:19:49] [Server thread/INFO]: Kirnoy[/181.44.118.72:50257] logged in with entity id 1664332 at (1780.1316367625038, 166.0, 79.68519326212765)
[06:19:49] [Server thread/INFO]: Kirnoy joined the game
[06:26:54] [Server thread/INFO]: Kirnoy lost connection: TextComponent{text='Disconnected', siblings=[], style=Style{hasParent=false, color=null, bold=null, italic=null, underlined=null, obfuscated=null, clickEvent=null, hoverEvent=null}}
[06:26:54] [Server thread/INFO]: Kirnoy left the game
[13:02:04] [Server thread/INFO]: Flekeyd[/179.24.109.166:50531] logged in with entity id 1758774 at (-641.7624999880791, 201.0, -1981.1336702857993)
[13:02:04] [Server thread/INFO]: Flekeyd joined the game
[13:02:05] [Server thread/INFO]: Flekeyd[/179.24.109.166:50530] logged in with entity id 1758773 at (-641.7624999880791, 201.0, -1981.1336702857993)
[13:02:05] [Server thread/INFO]: Flekeyd joined the game
[13:02:05] [Server thread/INFO]: Flekeyd lost connection: TextComponent{text='Disconnected', siblings=[], style=Style{hasParent=false, color=null, bold=null, italic=null, underlined=null, obfuscated=null, clickEvent=null, hoverEvent=null}}
[13:02:05] [Server thread/INFO]: Flekeyd left the game
[13:02:09] [Server thread/INFO]: Flekeyd lost connection: TextComponent{text='You logged in from another location', siblings=[], style=Style{hasParent=false, color=null, bold=null, italic=null, underlined=null, obfuscated=null, clickEvent=null, hoverEvent=null}}
[13:02:09] [Server thread/INFO]: Flekeyd left the game
[13:02:10] [Server thread/INFO]: Flekeyd[/179.24.109.166:50549] logged in with entity id 1761948 at (-641.7624999880791, 201.0, -1981.1336702857993)
[13:02:10] [Server thread/INFO]: Flekeyd joined the game
[13:02:33] [Server thread/INFO]: Flekeyd lost connection: TranslatableComponent{key='disconnect.timeout', args=[], siblings=[], style=Style{hasParent=false, color=null, bold=null, italic=null, underlined=null, obfuscated=null, clickEvent=null, hoverEvent=null}}
[13:02:33] [Server thread/INFO]: Flekeyd left the game
[13:02:39] [Server thread/INFO]: Flekeyd lost connection: TranslatableComponent{key='disconnect.timeout', args=[], siblings=[], style=Style{hasParent=false, color=null, bold=null, italic=null, underlined=null, obfuscated=null, clickEvent=null, hoverEvent=null}}
[13:02:39] [Server thread/INFO]: Flekeyd left the game
[13:02:57] [Server thread/INFO]: Flekeyd lost connection: TranslatableComponent{key='disconnect.genericReason', args=[Internal Exception: java.io.IOException: Connection reset by peer], siblings=[], style=Style{hasParent=false, color=null, bold=null, italic=null, underlined=null, obfuscated=null, clickEvent=null, hoverEvent=null}}
[13:02:57] [Server thread/INFO]: Flekeyd left the game
[16:18:24] [Server thread/INFO]: Flekeyd[/167.56.64.128:53130] logged in with entity id 1793956 at (-631.4195527395927, 201.0, -1997.836943962294)
[16:18:24] [Server thread/INFO]: Flekeyd joined the game
[16:20:14] [Server thread/WARN]: Fetching addPacket for removed entity
[16:20:14] [Server thread/WARN]: Fetching addPacket for removed entity
[16:20:14] [Server thread/INFO]: Flekeyd fell from a high place
[16:20:23] [Server thread/INFO]: [Flekeyd: Teleported Flekeyd to -632.5,64.5,-1978.5]
[16:20:24] [Server thread/WARN]: Fetching addPacket for removed entity
[16:20:24] [Server thread/WARN]: Fetching addPacket for removed entity
[16:20:24] [Server thread/WARN]: Fetching addPacket for removed entity
[16:20:24] [Server thread/WARN]: Fetching addPacket for removed entity
[16:21:15] [Server thread/INFO]: [Flekeyd: Teleported Flekeyd to 561.5,98.5,239.5]
[16:33:02] [Server thread/INFO]: Georgalos[/186.122.16.222:18148] logged in with entity id 1852441 at (2013.726935610203, 77.0, 596.6505748339955)
[16:33:02] [Server thread/INFO]: Georgalos joined the game
[16:33:17] [Server thread/INFO]: <Georgalos> kelokoeee
[16:33:21] [Server thread/INFO]: <Flekeyd> xdç
[16:33:52] [Server thread/INFO]: [Georgalos: Teleported Georgalos to Flekeyd]
[16:36:26] [Server thread/INFO]: Georgalos lost connection: TranslatableComponent{key='disconnect.genericReason', args=[Internal Exception: java.io.IOException: Connection reset by peer], siblings=[], style=Style{hasParent=false, color=null, bold=null, italic=null, underlined=null, obfuscated=null, clickEvent=null, hoverEvent=null}}
[16:36:26] [Server thread/INFO]: Georgalos left the game
[16:37:31] [Server thread/WARN]: Can't keep up! Did the system time change, or is the server overloaded? Running 4999ms behind, skipping 99 tick(s)
[16:38:08] [Server thread/WARN]: Can't keep up! Did the system time change, or is the server overloaded? Running 21360ms behind, skipping 427 tick(s)
[16:38:11] [Server thread/WARN]: Can't keep up! Did the system time change, or is the server overloaded? Running 2856ms behind, skipping 57 tick(s)
[16:39:29] [Server thread/WARN]: Can't keep up! Did the system time change, or is the server overloaded? Running 2577ms behind, skipping 51 tick(s)
[16:39:49] [Server thread/WARN]: Can't keep up! Did the system time change, or is the server overloaded? Running 3221ms behind, skipping 64 tick(s)
[16:41:24] [Server thread/WARN]: Can't keep up! Did the system time change, or is the server overloaded? Running 2363ms behind, skipping 47 tick(s)
[16:42:01] [Server thread/WARN]: Can't keep up! Did the system time change, or is the server overloaded? Running 2118ms behind, skipping 42 tick(s)
[16:42:49] [Server thread/WARN]: Can't keep up! Did the system time change, or is the server overloaded? Running 2487ms behind, skipping 49 tick(s)
[16:43:08] [Server thread/WARN]: Can't keep up! Did the system time change, or is the server overloaded? Running 3032ms behind, skipping 60 tick(s)
[16:48:46] [Server thread/WARN]: Can't keep up! Did the system time change, or is the server overloaded? Running 5934ms behind, skipping 118 tick(s)
[16:51:08] [Server thread/INFO]: [Flekeyd: Teleported Flekeyd to 565.5,97.5,235.5]
[16:59:38] [Server thread/INFO]: [Flekeyd: Teleported Flekeyd to 565.5,97.5,235.5]
[17:11:40] [Server thread/INFO]: [Flekeyd: Teleported Flekeyd to 565.5,97.5,235.5]
[17:14:32] [Server thread/INFO]: Flekeyd lost connection: TextComponent{text='Disconnected', siblings=[], style=Style{hasParent=false, color=null, bold=null, italic=null, underlined=null, obfuscated=null, clickEvent=null, hoverEvent=null}}
[17:14:32] [Server thread/INFO]: Flekeyd left the game
[17:17:04] [Server thread/INFO]: Kirnoy[/181.44.118.72:50189] logged in with entity id 1919825 at (1779.6998451140998, 166.0, 93.89524050427681)
[17:17:04] [Server thread/INFO]: Kirnoy joined the game
[17:17:18] [Server thread/INFO]: Kirnoy lost connection: TextComponent{text='Disconnected', siblings=[], style=Style{hasParent=false, color=null, bold=null, italic=null, underlined=null, obfuscated=null, clickEvent=null, hoverEvent=null}}
[17:17:18] [Server thread/INFO]: Kirnoy left the game
[17:17:28] [Server thread/INFO]: Kirnoy[/181.44.118.72:50129] logged in with entity id 1921127 at (1779.6998451140998, 166.0, 93.89524050427681)
[17:17:28] [Server thread/INFO]: Kirnoy joined the game
[17:19:57] [Server thread/INFO]: [Kirnoy: Set the time to 13000]
[17:22:52] [Server thread/INFO]: [Kirnoy: Teleported Kirnoy to 1896.5,16.5,-38.5]
[17:23:47] [Server thread/INFO]: NaimSama[/186.22.38.121:50704] logged in with entity id 1961991 at (1716.5770801019196, 105.5625, 37.744055069530894)
[17:23:47] [Server thread/INFO]: NaimSama joined the game
[17:25:16] [Server thread/INFO]: [Kirnoy: Teleported Kirnoy to 1780.5,166.5,78.5]
[17:26:41] [Server thread/INFO]: <Kirnoy> viste algun titan por ahi?
[17:26:47] [Server thread/INFO]: <NaimSama> nop
[17:26:52] [Server thread/INFO]: <Kirnoy> chanfles
[17:26:57] [Server thread/INFO]: <NaimSama> aca hay uno
[17:27:13] [Server thread/INFO]: [Kirnoy: Teleported Kirnoy to NaimSama]
[17:27:32] [Server thread/INFO]: <Kirnoy> perfecto
[17:27:33] [Server thread/INFO]: <Kirnoy> ty
[17:27:53] [Server thread/INFO]: [Kirnoy: Teleported Kirnoy to 1811.5,64.5,577.5]
[17:31:16] [Server thread/INFO]: NaimSama lost connection: TextComponent{text='Disconnected', siblings=[], style=Style{hasParent=false, color=null, bold=null, italic=null, underlined=null, obfuscated=null, clickEvent=null, hoverEvent=null}}
[17:31:16] [Server thread/INFO]: NaimSama left the game
[17:33:13] [Server thread/INFO]: [Kirnoy: Set the time to 13000]
[17:34:51] [Server thread/INFO]: [Kirnoy: Teleported Kirnoy to 1780.5,166.5,78.5]
[17:37:30] [Server thread/INFO]: [Kirnoy: Teleported Kirnoy to 1780.5,166.5,78.5]
[17:38:53] [Server thread/INFO]: [Kirnoy: Teleported Kirnoy to 1381.5,88.5,1026.5]
[17:38:57] [Server thread/INFO]: [Kirnoy: Teleported Kirnoy to 1780.5,166.5,78.5]
[17:44:59] [Server thread/INFO]: Kirnoy has just earned the achievement [Pretty]
[17:52:18] [Server thread/INFO]: NaimSama[/186.22.38.121:50751] logged in with entity id 2204691 at (1373.0536943021982, 85.0, 807.4544347482522)
[17:52:18] [Server thread/INFO]: NaimSama joined the game
[17:54:24] [Server thread/WARN]: Can't keep up! Did the system time change, or is the server overloaded? Running 2491ms behind, skipping 49 tick(s)
[17:54:42] [Server thread/WARN]: Can't keep up! Did the system time change, or is the server overloaded? Running 3013ms behind, skipping 60 tick(s)
[17:54:58] [Server thread/WARN]: Can't keep up! Did the system time change, or is the server overloaded? Running 2482ms behind, skipping 49 tick(s)
[17:55:14] [Server thread/WARN]: Can't keep up! Did the system time change, or is the server overloaded? Running 2413ms behind, skipping 48 tick(s)
[17:58:42] [Server thread/WARN]: Can't keep up! Did the system time change, or is the server overloaded? Running 2050ms behind, skipping 41 tick(s)
[17:59:00] [Server thread/WARN]: Can't keep up! Did the system time change, or is the server overloaded? Running 3667ms behind, skipping 73 tick(s)
[17:59:17] [Server thread/WARN]: Can't keep up! Did the system time change, or is the server overloaded? Running 4243ms behind, skipping 84 tick(s)
[17:59:35] [Server thread/WARN]: Can't keep up! Did the system time change, or is the server overloaded? Running 4456ms behind, skipping 89 tick(s)
[17:59:49] [Server thread/WARN]: Can't keep up! Did the system time change, or is the server overloaded? Running 3247ms behind, skipping 64 tick(s)
[18:00:31] [Server thread/WARN]: Can't keep up! Did the system time change, or is the server overloaded? Running 7532ms behind, skipping 150 tick(s)
[18:01:13] [Server thread/INFO]: Kirnoy lost connection: TextComponent{text='Disconnected', siblings=[], style=Style{hasParent=false, color=null, bold=null, italic=null, underlined=null, obfuscated=null, clickEvent=null, hoverEvent=null}}
[18:01:13] [Server thread/INFO]: Kirnoy left the game
[18:01:13] [Server thread/INFO]: NaimSama lost connection: TextComponent{text='Disconnected', siblings=[], style=Style{hasParent=false, color=null, bold=null, italic=null, underlined=null, obfuscated=null, clickEvent=null, hoverEvent=null}}
[18:01:13] [Server thread/INFO]: NaimSama left the game
[18:01:13] [Server thread/WARN]: Can't keep up! Did the system time change, or is the server overloaded? Running 29394ms behind, skipping 587 tick(s)
[18:01:14] [Server thread/INFO]: NaimSama[/186.22.38.121:50770] logged in with entity id 2242769 at (1003.6342470693972, 67.0, 1650.2474838645398)
[18:01:14] [Server thread/INFO]: NaimSama joined the game
[18:01:15] [Server thread/WARN]: Fetching addPacket for removed entity
[18:01:15] [Server thread/WARN]: Fetching addPacket for removed entity
[18:01:15] [Server thread/WARN]: Fetching addPacket for removed entity
[18:01:15] [Server thread/WARN]: Fetching addPacket for removed entity
[18:01:15] [Server thread/WARN]: Fetching addPacket for removed entity
[18:01:15] [Server thread/WARN]: Fetching addPacket for removed entity
[18:01:15] [Server thread/WARN]: Fetching addPacket for removed entity
[18:01:15] [Server thread/WARN]: Fetching addPacket for removed entity
[18:01:15] [Server thread/WARN]: Fetching addPacket for removed entity
[18:02:50] [Server thread/WARN]: Can't keep up! Did the system time change, or is the server overloaded? Running 2543ms behind, skipping 50 tick(s)
[18:03:10] [Server thread/WARN]: Can't keep up! Did the system time change, or is the server overloaded? Running 4970ms behind, skipping 99 tick(s)
[18:09:08] [Server thread/WARN]: Can't keep up! Did the system time change, or is the server overloaded? Running 2308ms behind, skipping 46 tick(s)
[18:09:41] [Server thread/WARN]: Can't keep up! Did the system time change, or is the server overloaded? Running 14255ms behind, skipping 285 tick(s)
[18:10:14] [Server thread/WARN]: Can't keep up! Did the system time change, or is the server overloaded? Running 2183ms behind, skipping 43 tick(s)
[18:12:38] [Server thread/WARN]: Can't keep up! Did the system time change, or is the server overloaded? Running 2092ms behind, skipping 41 tick(s)
[18:19:42] [Server thread/INFO]: NaimSama lost connection: TextComponent{text='Disconnected', siblings=[], style=Style{hasParent=false, color=null, bold=null, italic=null, underlined=null, obfuscated=null, clickEvent=null, hoverEvent=null}}
[18:19:42] [Server thread/INFO]: NaimSama left the game
[18:19:46] [Server thread/INFO]: NaimSama[/186.22.38.121:51225] logged in with entity id 2281827 at (2811.858191795171, 8.0, 1875.3845888529834)
[18:19:46] [Server thread/INFO]: NaimSama joined the game
[18:20:47] [Server thread/INFO]: [NaimSama: Set own game mode to Creative Mode]
[18:21:27] [Server thread/INFO]: NaimSama lost connection: TextComponent{text='Disconnected', siblings=[], style=Style{hasParent=false, color=null, bold=null, italic=null, underlined=null, obfuscated=null, clickEvent=null, hoverEvent=null}}
[18:21:27] [Server thread/INFO]: NaimSama left the game
[18:21:31] [Server thread/INFO]: NaimSama[/186.22.38.121:51232] logged in with entity id 2285445 at (2829.9858391684475, 24.0, 1888.6232443086503)
[18:21:31] [Server thread/INFO]: NaimSama joined the game
[18:34:32] [Server thread/INFO]: NaimSama lost connection: TextComponent{text='Disconnected', siblings=[], style=Style{hasParent=false, color=null, bold=null, italic=null, underlined=null, obfuscated=null, clickEvent=null, hoverEvent=null}}
[18:34:32] [Server thread/INFO]: NaimSama left the game
[18:34:35] [Server thread/INFO]: NaimSama[/186.22.38.121:51263] logged in with entity id 2314082 at (2820.173522541807, 62.0, 1877.9627231948048)
[18:34:35] [Server thread/INFO]: NaimSama joined the game
[18:39:35] [Server thread/WARN]: NaimSama moved too quickly! -18.57584922497199,-0.06592838984947491,14.199999988079071 (18.57584922497199, 0.0784000015258789, 14.199999988079071)
[18:43:04] [Server thread/INFO]: [NaimSama: Set own game mode to Survival Mode]
[18:46:49] [Server thread/WARN]: Can't keep up! Did the system time change, or is the server overloaded? Running 4567ms behind, skipping 91 tick(s)
[18:47:00] [Server thread/INFO]: [NaimSama: Teleported NaimSama to 1716.5,105.5,31.5]
[18:47:20] [Server thread/INFO]: NaimSama lost connection: TextComponent{text='Disconnected', siblings=[], style=Style{hasParent=false, color=null, bold=null, italic=null, underlined=null, obfuscated=null, clickEvent=null, hoverEvent=null}}
[18:47:20] [Server thread/INFO]: NaimSama left the game
[21:04:30] [Server thread/INFO]: NaimSama[/186.22.38.121:52571] logged in with entity id 2345240 at (1714.0218391521191, 105.5, 34.48112370917719)
[21:04:30] [Server thread/INFO]: NaimSama joined the game
[21:20:48] [Server thread/INFO]: NaimSama lost connection: TextComponent{text='Disconnected', siblings=[], style=Style{hasParent=false, color=null, bold=null, italic=null, underlined=null, obfuscated=null, clickEvent=null, hoverEvent=null}}
[21:20:48] [Server thread/INFO]: NaimSama left the game
[22:10:40] [Server thread/INFO]: Stopping the server
[22:10:40] [Server thread/INFO]: Stopping server
[22:10:40] [Server thread/INFO]: Saving players
[22:10:40] [Server thread/INFO]: Saving worlds
[22:10:40] [Server thread/INFO]: Saving chunks for level 'world'/Overworld
[22:10:40] [Server thread/INFO]: Saving chunks for level 'world'/Nether
[22:10:40] [Server thread/INFO]: Saving chunks for level 'world'/The End
[22:10:40] [Server thread/INFO]: Saving chunks for level 'world'/Dimension-Chaos
[22:10:40] [Server thread/INFO]: Saving chunks for level 'world'/Dimension-Crystal
[22:10:40] [Server thread/INFO]: Saving chunks for level 'world'/Dimension-Islands
[22:10:40] [Server thread/INFO]: Saving chunks for level 'world'/Dimension-VillageMania
[22:10:40] [Server thread/INFO]: Saving chunks for level 'world'/Dimension-Extreme
[22:10:40] [Server thread/INFO]: Saving chunks for level 'world'/Wyvern Lair
[22:10:40] [Server thread/INFO]: Saving chunks for level 'world'/Dimension-Utopia
[22:10:40] [Server thread/INFO]: Saving chunks for level 'world'/Dungeons
[22:10:40] [Server thread/INFO]: Saving chunks for level 'world'/Aether
